2019-03-29 12:30:46,898 ERROR[LOGGER]: Image20190329_123046.jpg -> Screen is created
2019-03-29 12:30:46,967 ERROR[LOGGER]: Exception: OpenQA.Selenium.WebDriverTimeoutException: Timed out after 30 seconds ---> OpenQA.Selenium.NoSuchElementException: Unable to locate element: //button[@type='submitt']
   at OpenQA.Selenium.Remote.RemoteWebDriver.UnpackAndThrowOnError(Response errorResponse)
   at OpenQA.Selenium.Remote.RemoteWebDriver.Execute(String driverCommandToExecute, Dictionary`2 parameters)
   at OpenQA.Selenium.Remote.RemoteWebDriver.FindElement(String mechanism, String value)
   at OpenQA.Selenium.Remote.RemoteWebDriver.FindElementByXPath(String xpath)
   at OpenQA.Selenium.By.<>c__DisplayClass19_0.<XPath>b__0(ISearchContext context)
   at OpenQA.Selenium.By.FindElement(ISearchContext context)
   at OpenQA.Selenium.Remote.RemoteWebDriver.FindElement(By by)
   at OpenQA.Selenium.Support.UI.ExpectedConditions.<>c__DisplayClass7_0.<ElementIsVisible>b__0(IWebDriver driver)
   at OpenQA.Selenium.Support.UI.DefaultWait`1.Until[TResult](Func`2 condition)
   --- End of inner exception stack trace ---
   at OpenQA.Selenium.Support.UI.DefaultWait`1.ThrowTimeoutException(String exceptionMessage, Exception lastException)
   at OpenQA.Selenium.Support.UI.DefaultWait`1.Until[TResult](Func`2 condition)
   at TestWebProject.Webdriver.BaseElement.WaitForIsVisible() in C:\Users\Pavel_Shyker\CDPTasks\CDPTaskModule13(1)\UnitTestProject2\Util\BaseElements\BaseElement.cs:line 52
   at TestWebProject.Webdriver.BaseElement.Click() in C:\Users\Pavel_Shyker\CDPTasks\CDPTaskModule13(1)\UnitTestProject2\Util\BaseElements\BaseElement.cs:line 86
   at TestWebProject.Pages.StartPage.Login(User user) in C:\Users\Pavel_Shyker\CDPTasks\CDPTaskModule13(1)\UnitTestProject2\Pages\StartPage.cs:line 37
   at TestWebProject.MailRuMSTests.LoginTest() in C:\Users\Pavel_Shyker\CDPTasks\CDPTaskModule13(1)\UnitTestProject2\Tests\MailRuMSTests.cs:line 26
